[backblue.gif]
[fade.gif]
[index.html]
[gyanvi.edulin.in/korearch/images/korearch-onelogo.png]
[gyanvi.edulin.in/korearch/images/logo/korearch-light.png]
[gyanvi.edulin.in/korearch/assets/images/backgrounds/main-slider-2-1.jpg]
[gyanvi.edulin.in/korearch/assets/images/backgrounds/main-slider-2-3.jpg]
[gyanvi.edulin.in/korearch/assets/images/backgrounds/main-slider-2-2.jpg]
[unpkg.com/swiper@11.1.4/swiper-bundle.min.js]
[unpkg.com/swiper@11.1.4/swiper-bundle.min.css]
[gyanvi.edulin.in/korearch/assets/images/services/services-1-1.jpg]
[gyanvi.edulin.in/korearch/assets/images/services/services-1-2.jpg]
[gyanvi.edulin.in/korearch/assets/images/services/services-1-3.jpg]
[cdn-icons-png.flaticon.com/128/4325/4325613.png]
[cdn-icons-png.flaticon.com/128/4827/4827264.png]
[cdn-icons-png.flaticon.com/128/9367/9367318.png]
[cdn-icons-png.flaticon.com/128/12608/12608562.png]
[cdn-icons-png.flaticon.com/128/15569/15569824.png]
[cdn-icons-png.flaticon.com/128/16768/16768111.png]
[cdn-icons-png.flaticon.com/128/12056/12056814.png]
[cdn-icons-png.flaticon.com/128/9665/9665378.png]
[korearchinfra.com/wp-content/uploads/2023/10/Logo-BIMTECH.png]
[korearchinfra.com/wp-content/uploads/2023/10/Jindal_logo_Revised.svg.png]
[korearchinfra.com/wp-content/uploads/2023/10/mulbeery.png]
[korearchinfra.com/wp-content/uploads/2022/12/logo-f.png]
[korearchinfra.com/wp-content/uploads/2022/12/ceramic-logo.png]
[korearchinfra.com/wp-content/uploads/2022/12/logo-small.jpg]
[korearchinfra.com/wp-content/uploads/2023/10/348442677_269428908872555_3467842378385020085_n.png]
[korearchinfra.com/wp-content/uploads/2022/12/bgu-logo.png]
[korearchinfra.com/wp-content/uploads/2022/12/pcbl_new_logo.png]
[korearchinfra.com/wp-content/uploads/elementor/thumbs/pwd-logo-qdbg78ondtf1frbo3kjd577ajdlt49v0ky73zn1i3s.jpg]
[gyanvi.edulin.in/korearch/assets/images/shapes/site-footer-shape-1.jpg]
[gyanvi.edulin.in/korearch/assets/vendors/jquery/jquery-3.6.0.min.js]
[gyanvi.edulin.in/korearch/assets/vendors/bootstrap/js/bootstrap.bundle.min.js]
[gyanvi.edulin.in/korearch/assets/vendors/jquery-ajaxchimp/jquery.ajaxchimp.min.js]
[gyanvi.edulin.in/korearch/assets/vendors/jquery-appear/jquery.appear.min.js]
[gyanvi.edulin.in/korearch/assets/vendors/jquery-magnific-popup/jquery.magnific-popup.min.js]
[gyanvi.edulin.in/korearch/assets/vendors/jquery-validate/jquery.validate.min.js]
[gyanvi.edulin.in/korearch/assets/vendors/odometer/odometer.min.js]
[gyanvi.edulin.in/korearch/assets/vendors/swiper/swiper.min.js]
[gyanvi.edulin.in/korearch/assets/vendors/swiper/slider-init.js]
[gyanvi.edulin.in/korearch/assets/vendors/wow/wow.js]
[gyanvi.edulin.in/korearch/assets/vendors/jquery.circle-type/jquery.circleType.js]
[gyanvi.edulin.in/korearch/assets/vendors/jquery.circle-type/jquery.lettering.min.js]
[gyanvi.edulin.in/korearch/assets/vendors/twentytwenty/twentytwenty.js]
[gyanvi.edulin.in/korearch/assets/vendors/twentytwenty/jquery.event.move.js]
[gyanvi.edulin.in/korearch/assets/vendors/marquee/marquee.min.js]
[gyanvi.edulin.in/korearch/assets/js/arckytec.js]
[gyanvi.edulin.in/korearch/index.html]
[gyanvi.edulin.in/korearch/assets/vendors/bootstrap/css/bootstrap.min.css]
[gyanvi.edulin.in/korearch/assets/vendors/animate/animate.min.css]
[gyanvi.edulin.in/korearch/assets/vendors/animate/custom-animate.css]
[gyanvi.edulin.in/korearch/assets/vendors/fontawesome/webfonts/fa-brands-400.woff2]
[gyanvi.edulin.in/korearch/assets/vendors/fontawesome/webfonts/fa-brands-400.ttf]
[gyanvi.edulin.in/korearch/assets/vendors/fontawesome/webfonts/fa-regular-400.woff2]
[gyanvi.edulin.in/korearch/assets/vendors/fontawesome/webfonts/fa-regular-400.ttf]
[gyanvi.edulin.in/korearch/assets/vendors/fontawesome/webfonts/fa-solid-900.woff2]
[gyanvi.edulin.in/korearch/assets/vendors/fontawesome/webfonts/fa-solid-900.ttf]
[gyanvi.edulin.in/korearch/assets/vendors/fontawesome/webfonts/fa-v4compatibility.woff2]
[gyanvi.edulin.in/korearch/assets/vendors/fontawesome/webfonts/fa-v4compatibility.ttf]
[gyanvi.edulin.in/korearch/assets/vendors/fontawesome/css/all.min.css]
[gyanvi.edulin.in/korearch/assets/vendors/jquery-magnific-popup/jquery.magnific-popup.css]
[gyanvi.edulin.in/korearch/assets/vendors/odometer/odometer.min.css]
[gyanvi.edulin.in/korearch/assets/vendors/swiper/swiper.min.css]
[gyanvi.edulin.in/korearch/assets/vendors/arckytec-icons/fonts/icomoon78ed78ed.eot]
[gyanvi.edulin.in/korearch/assets/vendors/arckytec-icons/fonts/icomoon78ed78ed.ttf]
[gyanvi.edulin.in/korearch/assets/vendors/arckytec-icons/fonts/icomoon78ed78ed.woff]
[gyanvi.edulin.in/korearch/assets/vendors/arckytec-icons/style.css]
[gyanvi.edulin.in/korearch/assets/vendors/twentytwenty/twentytwenty.css]
[gyanvi.edulin.in/korearch/assets/images/loader.png]
[gyanvi.edulin.in/korearch/assets/images/icon/cross-out.png]
[gyanvi.edulin.in/korearch/assets/css/arckytec.css]
[gyanvi.edulin.in/korearch/assets/css/arckytec-responsive.css]
[gyanvi.edulin.in/korearch/index-2.html]
[gyanvi.edulin.in/korearch/assets/images/resources/logo-2.png]
[gyanvi.edulin.in/korearch/assets/images/backgrounds/page-header-bg.jpg]
[gyanvi.edulin.in/korearch/assets/images/resources/about-two-img-1.jpg]
[gyanvi.edulin.in/korearch/assets/images/resources/about-two-img-2.jpg]
[gyanvi.edulin.in/korearch/about.html]
[gyanvi.edulin.in/korearch/assets/images/services/services-details-img-5.jpg]
[gyanvi.edulin.in/korearch/green-buildings.html]
[gyanvi.edulin.in/korearch/premium-modular-villas-pods-and-farmhouses.html]
[gyanvi.edulin.in/korearch/civil-construction.html]
[gyanvi.edulin.in/korearch/interior-and-exterior.html]
[gyanvi.edulin.in/korearch/general-contracting-for-all-segments.html]
[gyanvi.edulin.in/korearch/images/img1.jpg]
[gyanvi.edulin.in/korearch/images/img2.png]
[gyanvi.edulin.in/korearch/our-project.html]
[gyanvi.edulin.in/korearch/our-projects2.html]
[gyanvi.edulin.in/korearch/contact.html]
[unpkg.com/swiper@11.1.4/swiper-bundle.min.css]
[gyanvi.edulin.in/korearch/assets/vendors/arckytec-icons/fonts/icomoon78ed78ed.svg]
[gyanvi.edulin.in/korearch/images/project_image_krittika_agarwal.jpg]
[gyanvi.edulin.in/korearch/images/LGSF.jpg]
[gyanvi.edulin.in/korearch/images/Buildings.jpg]
[gyanvi.edulin.in/korearch/images/Roads.jpg]
[gyanvi.edulin.in/korearch/images/interior-design (1).png]
[gyanvi.edulin.in/korearch/assets/images/shapes/services-three-shape-1.png]
[gyanvi.edulin.in/korearch/assets/images/shapes/services-three-shape-2.png]
[gyanvi.edulin.in/korearch/images/staircase.png]
[gyanvi.edulin.in/korearch/images/businessman.png]
[gyanvi.edulin.in/korearch/images/interior-designer.png]
[gyanvi.edulin.in/korearch/images/communication.png]
[gyanvi.edulin.in/korearch/images/archive.png]
[gyanvi.edulin.in/korearch/images/work-experience.png]
[gyanvi.edulin.in/korearch/images/zalipie-house.png]
[gyanvi.edulin.in/korearch/images/customer-service.png]
[gyanvi.edulin.in/korearch/services.html]
[gyanvi.edulin.in/korearch/assets/images/project/project-details-img-1.jpg]
[gyanvi.edulin.in/korearch/assets/images/project/project-2-1.jpg]
[gyanvi.edulin.in/korearch/assets/images/project/project-2-2.jpg]
[gyanvi.edulin.in/korearch/assets/images/project/project-2-3.jpg]
[gyanvi.edulin.in/korearch/assets/images/project/project-2-4.jpg]
[gyanvi.edulin.in/korearch/project-detail.html]
